# JRE version: Java(TM) SE Runtime Environment (8.0_181-b13) (build 1.8.0_181-b13)
# Java VM: Java HotSpot(TM) 64-Bit Server VM (25.181-b13 mixed mode windows-amd64 compressed oops)
Heap:
 PSYoungGen      total 69632K, used 19059K [0x00000000d6e00000, 0x00000000dbc00000, 0x0000000100000000)
  eden space 62464K, 19% used [0x00000000d6e00000,0x00000000d79ad9a0,0x00000000dab00000)
  from space 7168K, 99% used [0x00000000db300000,0x00000000db9ef458,0x00000000dba00000)
  to   space 8192K, 0% used [0x00000000dab00000,0x00000000dab00000,0x00000000db300000)
 ParOldGen       total 84992K, used 2310K [0x0000000084a00000, 0x0000000089d00000, 0x00000000d6e00000)
  object space 84992K, 2% used [0x0000000084a00000,0x0000000084c418c8,0x0000000089d00000)
 Metaspace       used 20182K, capacity 21082K, committed 21296K, reserved 1067008K
  class space    used 2734K, capacity 2909K, committed 2944K, reserved 1048576K
GC Heap History (10 events):
Event: 2.192 GC heap before
{Heap before GC invocations=2 (full 0):
 PSYoungGen      total 36864K, used 35832K [0x00000000d6e00000, 0x00000000d9700000, 0x0000000100000000)
  eden space 31744K, 100% used [0x00000000d6e00000,0x00000000d8d00000,0x00000000d8d00000)
  from space 5120K, 79% used [0x00000000d8d00000,0x00000000d90fe208,0x00000000d9200000)
  to   space 5120K, 0% used [0x00000000d9200000,0x00000000d9200000,0x00000000d9700000)
 ParOldGen       total 84992K, used 8K [0x0000000084a00000, 0x0000000089d00000, 0x00000000d6e00000)
  object space 84992K, 0% used [0x0000000084a00000,0x0000000084a02000,0x0000000089d00000)
 Metaspace       used 10037K, capacity 10562K, committed 10624K, reserved 1058816K
  class space    used 1232K, capacity 1360K, committed 1408K, reserved 1048576K
Event: 2.199 GC heap after
Heap after GC invocations=2 (full 0):
 PSYoungGen      total 36864K, used 4622K [0x00000000d6e00000, 0x00000000d9700000, 0x0000000100000000)
  eden space 31744K, 0% used [0x00000000d6e00000,0x00000000d6e00000,0x00000000d8d00000)
  from space 5120K, 90% used [0x00000000d9200000,0x00000000d9683b28,0x00000000d9700000)
  to   space 5120K, 0% used [0x00000000d8d00000,0x00000000d8d00000,0x00000000d9200000)
 ParOldGen       total 84992K, used 24K [0x0000000084a00000, 0x0000000089d00000, 0x00000000d6e00000)
  object space 84992K, 0% used [0x0000000084a00000,0x0000000084a06000,0x0000000089d00000)
 Metaspace       used 10037K, capacity 10562K, committed 10624K, reserved 1058816K
  class space    used 1232K, capacity 1360K, committed 1408K, reserved 1048576K
}
Event: 2.795 GC heap before
{Heap before GC invocations=3 (full 0):
 PSYoungGen      total 36864K, used 36366K [0x00000000d6e00000, 0x00000000d9700000, 0x0000000100000000)
  eden space 31744K, 100% used [0x00000000d6e00000,0x00000000d8d00000,0x00000000d8d00000)
  from space 5120K, 90% used [0x00000000d9200000,0x00000000d9683b28,0x00000000d9700000)
  to   space 5120K, 0% used [0x00000000d8d00000,0x00000000d8d00000,0x00000000d9200000)
 ParOldGen       total 84992K, used 24K [0x0000000084a00000, 0x0000000089d00000, 0x00000000d6e00000)
  object space 84992K, 0% used [0x0000000084a00000,0x0000000084a06000,0x0000000089d00000)
 Metaspace       used 11600K, capacity 12224K, committed 12544K, reserved 1060864K
  class space    used 1566K, capacity 1719K, committed 1792K, reserved 1048576K
Event: 2.803 GC heap after
Heap after GC invocations=3 (full 0):
 PSYoungGen      total 36864K, used 4819K [0x00000000d6e00000, 0x00000000d9700000, 0x0000000100000000)
  eden space 31744K, 0% used [0x00000000d6e00000,0x00000000d6e00000,0x00000000d8d00000)
  from space 5120K, 94% used [0x00000000d8d00000,0x00000000d91b4e30,0x00000000d9200000)
  to   space 5120K, 0% used [0x00000000d9200000,0x00000000d9200000,0x00000000d9700000)
 ParOldGen       total 84992K, used 32K [0x0000000084a00000, 0x0000000089d00000, 0x00000000d6e00000)
  object space 84992K, 0% used [0x0000000084a00000,0x0000000084a08000,0x0000000089d00000)
 Metaspace       used 11600K, capacity 12224K, committed 12544K, reserved 1060864K
  class space    used 1566K, capacity 1719K, committed 1792K, reserved 1048576K
}
Event: 3.359 GC heap before
{Heap before GC invocations=4 (full 0):
 PSYoungGen      total 36864K, used 36563K [0x00000000d6e00000, 0x00000000d9700000, 0x0000000100000000)
  eden space 31744K, 100% used [0x00000000d6e00000,0x00000000d8d00000,0x00000000d8d00000)
  from space 5120K, 94% used [0x00000000d8d00000,0x00000000d91b4e30,0x00000000d9200000)
  to   space 5120K, 0% used [0x00000000d9200000,0x00000000d9200000,0x00000000d9700000)
 ParOldGen       total 84992K, used 32K [0x0000000084a00000, 0x0000000089d00000, 0x00000000d6e00000)
  object space 84992K, 0% used [0x0000000084a00000,0x0000000084a08000,0x0000000089d00000)
 Metaspace       used 14450K, capacity 15266K, committed 15488K, reserved 1062912K
  class space    used 1956K, capacity 2153K, committed 2176K, reserved 1048576K
Event: 3.372 GC heap after
Heap after GC invocations=4 (full 0):
 PSYoungGen      total 36864K, used 5093K [0x00000000d6e00000, 0x00000000db600000, 0x0000000100000000)
  eden space 31744K, 0% used [0x00000000d6e00000,0x00000000d6e00000,0x00000000d8d00000)
  from space 5120K, 99% used [0x00000000d9200000,0x00000000d96f9468,0x00000000d9700000)
  to   space 5120K, 0% used [0x00000000d8d00000,0x00000000d8d00000,0x00000000d9200000)
 ParOldGen       total 84992K, used 811K [0x0000000084a00000, 0x0000000089d00000, 0x00000000d6e00000)
  object space 84992K, 0% used [0x0000000084a00000,0x0000000084acace0,0x0000000089d00000)
 Metaspace       used 14450K, capacity 15266K, committed 15488K, reserved 1062912K
  class space    used 1956K, capacity 2153K, committed 2176K, reserved 1048576K
}
Event: 3.768 GC heap before
{Heap before GC invocations=5 (full 0):
 PSYoungGen      total 36864K, used 36837K [0x00000000d6e00000, 0x00000000db600000, 0x0000000100000000)
  eden space 31744K, 100% used [0x00000000d6e00000,0x00000000d8d00000,0x00000000d8d00000)
  from space 5120K, 99% used [0x00000000d9200000,0x00000000d96f9468,0x00000000d9700000)
  to   space 5120K, 0% used [0x00000000d8d00000,0x00000000d8d00000,0x00000000d9200000)
 ParOldGen       total 84992K, used 811K [0x0000000084a00000, 0x0000000089d00000, 0x00000000d6e00000)
  object space 84992K, 0% used [0x0000000084a00000,0x0000000084acace0,0x0000000089d00000)
 Metaspace       used 16051K, capacity 16920K, committed 17024K, reserved 1064960K
  class space    used 2199K, capacity 2384K, committed 2432K, reserved 1048576K
Event: 3.778 GC heap after
Heap after GC invocations=5 (full 0):
 PSYoungGen      total 36864K, used 5102K [0x00000000d6e00000, 0x00000000dba00000, 0x0000000100000000)
  eden space 31744K, 0% used [0x00000000d6e00000,0x00000000d6e00000,0x00000000d8d00000)
  from space 5120K, 99% used [0x00000000d8d00000,0x00000000d91fba08,0x00000000d9200000)
  to   space 7168K, 0% used [0x00000000db300000,0x00000000db300000,0x00000000dba00000)
 ParOldGen       total 84992K, used 2302K [0x0000000084a00000, 0x0000000089d00000, 0x00000000d6e00000)
  object space 84992K, 2% used [0x0000000084a00000,0x0000000084c3f8c8,0x0000000089d00000)
 Metaspace       used 16051K, capacity 16920K, committed 17024K, reserved 1064960K
  class space    used 2199K, capacity 2384K, committed 2432K, reserved 1048576K
}
Event: 4.308 GC heap before
{Heap before GC invocations=6 (full 0):
 PSYoungGen      total 36864K, used 36846K [0x00000000d6e00000, 0x00000000dba00000, 0x0000000100000000)
  eden space 31744K, 100% used [0x00000000d6e00000,0x00000000d8d00000,0x00000000d8d00000)
  from space 5120K, 99% used [0x00000000d8d00000,0x00000000d91fba08,0x00000000d9200000)
  to   space 7168K, 0% used [0x00000000db300000,0x00000000db300000,0x00000000dba00000)
 ParOldGen       total 84992K, used 2302K [0x0000000084a00000, 0x0000000089d00000, 0x00000000d6e00000)
  object space 84992K, 2% used [0x0000000084a00000,0x0000000084c3f8c8,0x0000000089d00000)
 Metaspace       used 19562K, capacity 20442K, committed 20864K, reserved 1067008K
  class space    used 2667K, capacity 2845K, committed 2944K, reserved 1048576K
Event: 4.319 GC heap after
Heap after GC invocations=6 (full 0):
 PSYoungGen      total 69632K, used 7101K [0x00000000d6e00000, 0x00000000dbc00000, 0x0000000100000000)
  eden space 62464K, 0% used [0x00000000d6e00000,0x00000000d6e00000,0x00000000dab00000)
  from space 7168K, 99% used [0x00000000db300000,0x00000000db9ef458,0x00000000dba00000)
  to   space 8192K, 0% used [0x00000000dab00000,0x00000000dab00000,0x00000000db300000)
 ParOldGen       total 84992K, used 2310K [0x0000000084a00000, 0x0000000089d00000, 0x00000000d6e00000)
  object space 84992K, 2% used [0x0000000084a00000,0x0000000084c418c8,0x0000000089d00000)
 Metaspace       used 19562K, capacity 20442K, committed 20864K, reserved 1067008K
  class space    used 2667K, capacity 2845K, committed 2944K, reserved 1048576K
}

