<?xml version="1.0" encoding="UTF-8"?>
<testng-results skipped="0" failed="0" ignored="0" total="1" passed="1">
  <reporter-output>
  </reporter-output>
  <suite name="Default suite" duration-ms="6260" started-at="2019-06-15T01:58:15Z" finished-at="2019-06-15T01:58:21Z">
    <groups>
    </groups>
    <test name="Default test" duration-ms="6260" started-at="2019-06-15T01:58:15Z" finished-at="2019-06-15T01:58:21Z">
      <class name="com.hsbc.scf.selenium.NewTest">
        <test-method status="PASS" signature="f()[pri:0, instance:com.hsbc.scf.selenium.NewTest@3ffc5af1]" name="f" duration-ms="6229" started-at="2019-06-15T01:58:15Z" finished-at="2019-06-15T01:58:21Z">
          <reporter-output>
          </reporter-output>
        </test-method> <!-- f -->
      </class> <!-- com.hsbc.scf.selenium.NewTest -->
    </test> <!-- Default test -->
  </suite> <!-- Default suite -->
</testng-results>
